<?xml version="1.0" encoding="UTF-8"?><testrun name="TestRunner" project="poc1" tests="8" started="8" failures="0" errors="2" ignored="7">
  <testsuite name="Runner.TestRunner" time="0.081">
    <testsuite name="Feature: Free CRM Login Feature" time="0.081">
      <testsuite name="Scenario: Free CRM Login Test Scenario" time="0.024" incomplete="true">
        <error>org.openqa.selenium.SessionNotCreatedException: session not created: Chrome version must be between 70 and 73
  (Driver info: chromedriver=73.0.3683.20 (8e2b610813e167eee3619ac4ce6e42e3ec622017),platform=Windows NT 6.3.9600 x86_64) (WARNING: The server did not provide any stacktrace information)
Command duration or timeout: 1.66 seconds
Build info: version: '3.5.3', revision: 'a88d25fe6b', time: '2017-08-29T12:42:44.417Z'
System info: host: 'HELLBLAZER', ip: '192.168.0.7', os.name: 'Windows 8.1', os.arch: 'amd64', os.version: '6.3', java.version: '1.8.0_131'
Driver info: driver.version: ChromeDriver&#13;
	at sun.reflect.NativeConstructorAccessorImpl.newInstance0(Native Method)&#13;
	at sun.reflect.NativeConstructorAccessorImpl.newInstance(Unknown Source)&#13;
	at sun.reflect.DelegatingConstructorAccessorImpl.newInstance(Unknown Source)&#13;
	at java.lang.reflect.Constructor.newInstance(Unknown Source)&#13;
	at org.openqa.selenium.remote.ErrorHandler.createThrowable(ErrorHandler.java:215)&#13;
	at org.openqa.selenium.remote.ErrorHandler.throwIfResponseFailed(ErrorHandler.java:167)&#13;
	at org.openqa.selenium.remote.JsonWireProtocolResponse.lambda$new$0(JsonWireProtocolResponse.java:53)&#13;
	at org.openqa.selenium.remote.JsonWireProtocolResponse.lambda$getResponseFunction$2(JsonWireProtocolResponse.java:91)&#13;
	at org.openqa.selenium.remote.ProtocolHandshake.lambda$createSession$24(ProtocolHandshake.java:359)&#13;
	at java.util.stream.ReferencePipeline$3$1.accept(Unknown Source)&#13;
	at java.util.Spliterators$ArraySpliterator.tryAdvance(Unknown Source)&#13;
	at java.util.stream.ReferencePipeline.forEachWithCancel(Unknown Source)&#13;
	at java.util.stream.AbstractPipeline.copyIntoWithCancel(Unknown Source)&#13;
	at java.util.stream.AbstractPipeline.copyInto(Unknown Source)&#13;
	at java.util.stream.AbstractPipeline.wrapAndCopyInto(Unknown Source)&#13;
	at java.util.stream.FindOps$FindOp.evaluateSequential(Unknown Source)&#13;
	at java.util.stream.AbstractPipeline.evaluate(Unknown Source)&#13;
	at java.util.stream.ReferencePipeline.findFirst(Unknown Source)&#13;
	at org.openqa.selenium.remote.ProtocolHandshake.createSession(ProtocolHandshake.java:362)&#13;
	at org.openqa.selenium.remote.ProtocolHandshake.createSession(ProtocolHandshake.java:136)&#13;
	at org.openqa.selenium.remote.HttpCommandExecutor.execute(HttpCommandExecutor.java:142)&#13;
	at org.openqa.selenium.remote.service.DriverCommandExecutor.execute(DriverCommandExecutor.java:82)&#13;
	at org.openqa.selenium.remote.RemoteWebDriver.execute(RemoteWebDriver.java:646)&#13;
	at org.openqa.selenium.remote.RemoteWebDriver.startSession(RemoteWebDriver.java:255)&#13;
	at org.openqa.selenium.remote.RemoteWebDriver.startSession(RemoteWebDriver.java:237)&#13;
	at org.openqa.selenium.remote.RemoteWebDriver.&lt;init&gt;(RemoteWebDriver.java:138)&#13;
	at org.openqa.selenium.chrome.ChromeDriver.&lt;init&gt;(ChromeDriver.java:178)&#13;
	at org.openqa.selenium.chrome.ChromeDriver.&lt;init&gt;(ChromeDriver.java:167)&#13;
	at org.openqa.selenium.chrome.ChromeDriver.&lt;init&gt;(ChromeDriver.java:124)&#13;
	at StepDefinitions.loginStepDefinition.user_is_already_on_Login_Page(loginStepDefinition.java:19)&#13;
	at ✽.Given user is already on Login Page(C:/Users/Mahesh Mohan/Desktop/POC1/poc1/src/main/java/Features/login.feature:5)&#13;
&#13;
</error>
        <testcase name="Given user is already on Login Page" classname="Scenario: Free CRM Login Test Scenario" time="0.023">
          <error>org.openqa.selenium.SessionNotCreatedException: session not created: Chrome version must be between 70 and 73
  (Driver info: chromedriver=73.0.3683.20 (8e2b610813e167eee3619ac4ce6e42e3ec622017),platform=Windows NT 6.3.9600 x86_64) (WARNING: The server did not provide any stacktrace information)
Command duration or timeout: 1.66 seconds
Build info: version: '3.5.3', revision: 'a88d25fe6b', time: '2017-08-29T12:42:44.417Z'
System info: host: 'HELLBLAZER', ip: '192.168.0.7', os.name: 'Windows 8.1', os.arch: 'amd64', os.version: '6.3', java.version: '1.8.0_131'
Driver info: driver.version: ChromeDriver&#13;
	at sun.reflect.NativeConstructorAccessorImpl.newInstance0(Native Method)&#13;
	at sun.reflect.NativeConstructorAccessorImpl.newInstance(Unknown Source)&#13;
	at sun.reflect.DelegatingConstructorAccessorImpl.newInstance(Unknown Source)&#13;
	at java.lang.reflect.Constructor.newInstance(Unknown Source)&#13;
	at org.openqa.selenium.remote.ErrorHandler.createThrowable(ErrorHandler.java:215)&#13;
	at org.openqa.selenium.remote.ErrorHandler.throwIfResponseFailed(ErrorHandler.java:167)&#13;
	at org.openqa.selenium.remote.JsonWireProtocolResponse.lambda$new$0(JsonWireProtocolResponse.java:53)&#13;
	at org.openqa.selenium.remote.JsonWireProtocolResponse.lambda$getResponseFunction$2(JsonWireProtocolResponse.java:91)&#13;
	at org.openqa.selenium.remote.ProtocolHandshake.lambda$createSession$24(ProtocolHandshake.java:359)&#13;
	at java.util.stream.ReferencePipeline$3$1.accept(Unknown Source)&#13;
	at java.util.Spliterators$ArraySpliterator.tryAdvance(Unknown Source)&#13;
	at java.util.stream.ReferencePipeline.forEachWithCancel(Unknown Source)&#13;
	at java.util.stream.AbstractPipeline.copyIntoWithCancel(Unknown Source)&#13;
	at java.util.stream.AbstractPipeline.copyInto(Unknown Source)&#13;
	at java.util.stream.AbstractPipeline.wrapAndCopyInto(Unknown Source)&#13;
	at java.util.stream.FindOps$FindOp.evaluateSequential(Unknown Source)&#13;
	at java.util.stream.AbstractPipeline.evaluate(Unknown Source)&#13;
	at java.util.stream.ReferencePipeline.findFirst(Unknown Source)&#13;
	at org.openqa.selenium.remote.ProtocolHandshake.createSession(ProtocolHandshake.java:362)&#13;
	at org.openqa.selenium.remote.ProtocolHandshake.createSession(ProtocolHandshake.java:136)&#13;
	at org.openqa.selenium.remote.HttpCommandExecutor.execute(HttpCommandExecutor.java:142)&#13;
	at org.openqa.selenium.remote.service.DriverCommandExecutor.execute(DriverCommandExecutor.java:82)&#13;
	at org.openqa.selenium.remote.RemoteWebDriver.execute(RemoteWebDriver.java:646)&#13;
	at org.openqa.selenium.remote.RemoteWebDriver.startSession(RemoteWebDriver.java:255)&#13;
	at org.openqa.selenium.remote.RemoteWebDriver.startSession(RemoteWebDriver.java:237)&#13;
	at org.openqa.selenium.remote.RemoteWebDriver.&lt;init&gt;(RemoteWebDriver.java:138)&#13;
	at org.openqa.selenium.chrome.ChromeDriver.&lt;init&gt;(ChromeDriver.java:178)&#13;
	at org.openqa.selenium.chrome.ChromeDriver.&lt;init&gt;(ChromeDriver.java:167)&#13;
	at org.openqa.selenium.chrome.ChromeDriver.&lt;init&gt;(ChromeDriver.java:124)&#13;
	at StepDefinitions.loginStepDefinition.user_is_already_on_Login_Page(loginStepDefinition.java:19)&#13;
	at ✽.Given user is already on Login Page(C:/Users/Mahesh Mohan/Desktop/POC1/poc1/src/main/java/Features/login.feature:5)&#13;
&#13;
</error>
        </testcase>
        <testcase name="When title of login page is TargetEntrance" classname="Scenario: Free CRM Login Test Scenario" time="0.0" ignored="true"/>
        <testcase name="Then user enters username and password" classname="Scenario: Free CRM Login Test Scenario" time="0.001" ignored="true"/>
        <testcase name="Then user clicks on login button" classname="Scenario: Free CRM Login Test Scenario" time="0.0" ignored="true"/>
        <testcase name="Then user is on home page" classname="Scenario: Free CRM Login Test Scenario" time="0.0" ignored="true"/>
        <testcase name="Then user click on my cassroom" classname="Scenario: Free CRM Login Test Scenario" time="0.001" ignored="true"/>
        <testcase name="Then user clicks on my packages" classname="Scenario: Free CRM Login Test Scenario" time="0.0" ignored="true"/>
        <testcase name="Then Close the browser" classname="Scenario: Free CRM Login Test Scenario" time="0.005" ignored="true"/>
      </testsuite>
    </testsuite>
  </testsuite>
</testrun>
